<?xml version="1.0" encoding="UTF-8"?>
<testng-results ignored="0" total="1" passed="1" failed="0" skipped="0">
  <reporter-output>
  </reporter-output>
  <suite started-at="2024-09-02T00:10:42 EEST" name="Default suite" finished-at="2024-09-02T00:11:14 EEST" duration-ms="31828">
    <groups>
    </groups>
    <test started-at="2024-09-02T00:10:42 EEST" name="Default test" finished-at="2024-09-02T00:11:14 EEST" duration-ms="31828">
      <class name="tests.testSendingmail">
        <test-method is-config="true" signature="startDriver(java.lang.String)[pri:0, instance:tests.testSendingmail@5efa40fe]" started-at="2024-09-02T00:10:35 EEST" name="startDriver" finished-at="2024-09-02T00:10:42 EEST" duration-ms="7242" status="PASS">
          <params>
            <param index="0">
              <value>
                <![CDATA[chrome]]>
              </value>
            </param>
          </params>
          <reporter-output>
          </reporter-output>
        </test-method> <!-- startDriver -->
        <test-method signature="excecutesendingmail()[pri:0, instance:tests.testSendingmail@5efa40fe]" started-at="2024-09-02T00:10:42 EEST" name="excecutesendingmail" finished-at="2024-09-02T00:11:13 EEST" duration-ms="30715" status="PASS">
          <reporter-output>
          </reporter-output>
        </test-method> <!-- excecutesendingmail -->
        <test-method is-config="true" signature="captureScreenshotOnFailure(org.testng.ITestResult)[pri:0, instance:tests.testSendingmail@5efa40fe]" started-at="2024-09-02T00:11:13 EEST" name="captureScreenshotOnFailure" finished-at="2024-09-02T00:11:13 EEST" duration-ms="0" status="PASS">
          <params>
            <param index="0">
              <value>
                <![CDATA[[TestResult name=excecutesendingmail status=SUCCESS method=testSendingmail.excecutesendingmail()[pri:0, instance:tests.testSendingmail@5efa40fe] output={null}]]]>
              </value>
            </param>
          </params>
          <reporter-output>
          </reporter-output>
        </test-method> <!-- captureScreenshotOnFailure -->
        <test-method is-config="true" signature="stopDriver()[pri:0, instance:tests.testSendingmail@5efa40fe]" started-at="2024-09-02T00:11:13 EEST" name="stopDriver" finished-at="2024-09-02T00:11:14 EEST" duration-ms="1015" status="PASS">
          <reporter-output>
          </reporter-output>
        </test-method> <!-- stopDriver -->
      </class> <!-- tests.testSendingmail -->
    </test> <!-- Default test -->
  </suite> <!-- Default suite -->
</testng-results>
